<?xml version="1.0" encoding="UTF-8"?>
<testsuite name="org.somecompany.build.MsBuildTest" tests="2" skipped="0" failures="0" errors="0" timestamp="2019-10-15T14:57:10" hostname="ANDRES-OROZCO" time="1.036">
  <properties/>
  <testcase name="build_callsShStep" classname="org.somecompany.build.MsBuildTest" time="1.03"/>
  <testcase name="build_shStepReturnStatusNOtEqualsZero_callsErrorStep" classname="org.somecompany.build.MsBuildTest" time="0.005"/>
  <system-out><![CDATA[]]></system-out>
  <system-err><![CDATA[]]></system-err>
</testsuite>
